<?xml version="1.0" encoding="UTF-8"?>
<testsuite xmlns:xsi="http://www.w3.org/2001/XMLSchema-instance" xsi:noNamespaceSchemaLocation="https://maven.apache.org/surefire/maven-surefire-plugin/xsd/surefire-test-report.xsd" name="com.charuniverse.AppTest" time="0.061" tests="1" errors="0" skipped="0" failures="0">
  <properties>
    <property name="java.specification.version" value="17"/>
    <property name="sun.cpu.isalist" value="amd64"/>
    <property name="sun.jnu.encoding" value="Cp1252"/>
    <property name="java.class.path" value="C:\Users\Akbar\IdeaProjects\java-database\target\test-classes;C:\Users\Akbar\IdeaProjects\java-database\target\classes;C:\Users\Akbar\.m2\repository\junit\junit\4.11\junit-4.11.jar;C:\Users\Akbar\.m2\repository\org\hamcrest\hamcrest-core\1.3\hamcrest-core-1.3.jar;"/>
    <property name="java.vm.vendor" value="Oracle Corporation"/>
    <property name="sun.arch.data.model" value="64"/>
    <property name="user.variant" value=""/>
    <property name="java.vendor.url" value="https://java.oracle.com/"/>
    <property name="user.timezone" value="Asia/Jakarta"/>
    <property name="os.name" value="Windows 10"/>
    <property name="java.vm.specification.version" value="17"/>
    <property name="sun.java.launcher" value="SUN_STANDARD"/>
    <property name="user.country" value="ID"/>
    <property name="sun.boot.library.path" value="C:\Users\Akbar\Java\jdk-17.0.1\bin"/>
    <property name="sun.java.command" value="C:\Users\Akbar\AppData\Local\Temp\surefire3597503733290077997\surefirebooter14942492443881052691.jar C:\Users\Akbar\AppData\Local\Temp\surefire3597503733290077997 2021-11-24T17-20-19_282-jvmRun1 surefire10887247627288553116tmp surefire_013459252717123527421tmp"/>
    <property name="jdk.debug" value="release"/>
    <property name="surefire.test.class.path" value="C:\Users\Akbar\IdeaProjects\java-database\target\test-classes;C:\Users\Akbar\IdeaProjects\java-database\target\classes;C:\Users\Akbar\.m2\repository\junit\junit\4.11\junit-4.11.jar;C:\Users\Akbar\.m2\repository\org\hamcrest\hamcrest-core\1.3\hamcrest-core-1.3.jar;"/>
    <property name="sun.cpu.endian" value="little"/>
    <property name="user.home" value="C:\Users\Akbar"/>
    <property name="user.language" value="en"/>
    <property name="java.specification.vendor" value="Oracle Corporation"/>
    <property name="java.version.date" value="2021-10-19"/>
    <property name="java.home" value="C:\Users\Akbar\Java\jdk-17.0.1"/>
    <property name="file.separator" value="\"/>
    <property name="basedir" value="C:\Users\Akbar\IdeaProjects\java-database"/>
    <property name="java.vm.compressedOopsMode" value="Zero based"/>
    <property name="line.separator" value="&#10;"/>
    <property name="java.vm.specification.vendor" value="Oracle Corporation"/>
    <property name="java.specification.name" value="Java Platform API Specification"/>
    <property name="surefire.real.class.path" value="C:\Users\Akbar\AppData\Local\Temp\surefire3597503733290077997\surefirebooter14942492443881052691.jar"/>
    <property name="user.script" value=""/>
    <property name="sun.management.compiler" value="HotSpot 64-Bit Tiered Compilers"/>
    <property name="java.runtime.version" value="17.0.1+12-39"/>
    <property name="user.name" value="Akbar"/>
    <property name="path.separator" value=";"/>
    <property name="os.version" value="10.0"/>
    <property name="java.runtime.name" value="OpenJDK Runtime Environment"/>
    <property name="file.encoding" value="Cp1252"/>
    <property name="java.vm.name" value="OpenJDK 64-Bit Server VM"/>
    <property name="localRepository" value="C:\Users\Akbar\.m2\repository"/>
    <property name="java.vendor.url.bug" value="https://bugreport.java.com/bugreport/"/>
    <property name="java.io.tmpdir" value="C:\Users\Akbar\AppData\Local\Temp\"/>
    <property name="java.version" value="17.0.1"/>
    <property name="user.dir" value="C:\Users\Akbar\IdeaProjects\java-database"/>
    <property name="os.arch" value="amd64"/>
    <property name="java.vm.specification.name" value="Java Virtual Machine Specification"/>
    <property name="sun.os.patch.level" value=""/>
    <property name="native.encoding" value="Cp1252"/>
    <property name="java.library.path" value="C:\Users\Akbar\Java\jdk-17.0.1\bin;C:\WINDOWS\Sun\Java\bin;C:\WINDOWS\system32;C:\WINDOWS;C:\WINDOWS\system32;C:\WINDOWS;C:\WINDOWS\System32\Wbem;C:\WINDOWS\System32\WindowsPowerShell\v1.0\;C:\WINDOWS\System32\OpenSSH\;C:\Program Files\Microsoft VS Code\bin;C:\Program Files\nodejs\;C:\Program Files\Git\cmd;C:\ProgramData\chocolatey\bin;C:\Program Files\Go\bin;C:\Users\Akbar\Java\apache-maven-3.8.3\bin;C:\Users\Akbar\Java\jdk-17.0.1\bin;C:\Users\Akbar\AppData\Local\Programs\Python\Python39\Scripts\;C:\Users\Akbar\AppData\Local\Programs\Python\Python39\;C:\Users\Akbar\AppData\Local\Microsoft\WindowsApps;C:\Program Files\JetBrains\IntelliJ IDEA 2021.2\bin;;C:\Program Files\JetBrains\CLion 2021.2\bin;;C:\Users\Akbar\AppData\Roaming\npm;C:\Program Files\JetBrains\GoLand 2021.1.3\bin;;C:\Program Files\JetBrains\WebStorm 2021.2\bin;;C:\Program Files\MySQL\MySQL Server 8.0\bin;C:\Users\Akbar\AppData\Local\GitHubDesktop\bin;C:\Program Files\mingw-w64\x86_64-8.1.0-win32-seh-rt_v6-rev0\mingw64\bin;C:\Program Files\JetBrains\PyCharm 2021.2\bin;;C:\Users\Akbar\AppData\Roaming\Python\Python39\Scripts;C:\Users\Akbar\Downloads\Compressed\cmder;C:\tools\neovim\Neovim\bin;C:\Program Files\JetBrains\DataGrip 2020.3\bin;;C:\Users\Akbar\apps;C:\Users\Akbar\go\bin;C:\Users\Akbar\Java\jdk-17.0.1\bin;C:\Users\Akbar\Java\apache-maven-3.8.3\bin;;."/>
    <property name="java.vm.info" value="mixed mode, sharing"/>
    <property name="java.vendor" value="Oracle Corporation"/>
    <property name="java.vm.version" value="17.0.1+12-39"/>
    <property name="sun.io.unicode.encoding" value="UnicodeLittle"/>
    <property name="java.class.version" value="61.0"/>
  </properties>
  <testcase name="shouldAnswerWithTrue" classname="com.charuniverse.AppTest" time="0.001"/>
</testsuite>